unityLibrary/build/intermediates/manifest_merge_blame_file/debug/manifest-merger-blame-debug-report.txt
1<?xml version="1.0" encoding="utf-8"?>
2<!-- GENERATED BY UNITY. REMOVE THIS COMMENT TO PREVENT OVERWRITING WHEN EXPORTING AGAIN -->
3<manifest xmlns:android="http://schemas.android.com/apk/res/android"
4    xmlns:tools="http://schemas.android.com/tools"
5    package="com.unity3d.player" >
6
7    <uses-sdk android:minSdkVersion="24" />
7-->src/main/AndroidManifest.xml
8
9    <uses-feature android:glEsVersion="0x00030000" />
9-->src/main/AndroidManifest.xml:24:3-52
9-->src/main/AndroidManifest.xml:24:17-49
10    <uses-feature android:name="android.hardware.camera.ar" />
10-->src/main/AndroidManifest.xml:25:3-61
10-->src/main/AndroidManifest.xml:25:17-58
11
12    <uses-permission android:name="android.permission.CAMERA" />
12-->src/main/AndroidManifest.xml:26:3-63
12-->src/main/AndroidManifest.xml:26:20-60
13    <uses-permission android:name="android.permission.INTERNET" />
13-->src/main/AndroidManifest.xml:27:3-65
13-->src/main/AndroidManifest.xml:27:20-62
14    <uses-permission android:name="android.permission.CHANGE_WIFI_MULTICAST_STATE" />
14-->src/main/AndroidManifest.xml:28:3-84
14-->src/main/AndroidManifest.xml:28:20-81
15    <uses-permission android:name="android.permission.ACCESS_FINE_LOCATION" />
15-->src/main/AndroidManifest.xml:29:3-77
15-->src/main/AndroidManifest.xml:29:20-74
16    <uses-permission android:name="android.permission.ACCESS_COARSE_LOCATION" />
16-->src/main/AndroidManifest.xml:30:3-79
16-->src/main/AndroidManifest.xml:30:20-76
17
18    <uses-feature
18-->src/main/AndroidManifest.xml:31:3-89
19        android:name="android.hardware.location.gps"
19-->src/main/AndroidManifest.xml:31:17-61
20        android:required="false" />
20-->src/main/AndroidManifest.xml:31:62-86
21    <uses-feature
21-->src/main/AndroidManifest.xml:32:3-85
22        android:name="android.hardware.location"
22-->src/main/AndroidManifest.xml:32:17-57
23        android:required="false" />
23-->src/main/AndroidManifest.xml:32:58-82
24    <uses-feature
24-->src/main/AndroidManifest.xml:33:3-88
25        android:name="android.hardware.touchscreen"
25-->src/main/AndroidManifest.xml:33:17-60
26        android:required="false" />
26-->src/main/AndroidManifest.xml:33:61-85
27    <uses-feature
27-->src/main/AndroidManifest.xml:34:3-99
28        android:name="android.hardware.touchscreen.multitouch"
28-->src/main/AndroidManifest.xml:34:17-71
29        android:required="false" />
29-->src/main/AndroidManifest.xml:34:72-96
30    <uses-feature
30-->src/main/AndroidManifest.xml:35:3-108
31        android:name="android.hardware.touchscreen.multitouch.distinct"
31-->src/main/AndroidManifest.xml:35:17-80
32        android:required="false" />
32-->src/main/AndroidManifest.xml:35:81-105
33
34    <application>
34-->src/main/AndroidManifest.xml:4:3-23:17
35        <activity
35-->src/main/AndroidManifest.xml:5:5-11:16
36            android:name="com.unity3d.player.UnityPlayerActivity"
36-->src/main/AndroidManifest.xml:5:15-68
37            android:configChanges="mcc|mnc|locale|touchscreen|keyboard|keyboardHidden|navigation|orientation|screenLayout|uiMode|screenSize|smallestScreenSize|fontScale|layoutDirection|density"
37-->src/main/AndroidManifest.xml:5:180-361
38            android:exported="true"
38-->src/main/AndroidManifest.xml:6:9-32
39            android:hardwareAccelerated="false"
39-->src/main/AndroidManifest.xml:8:9-44
40            android:launchMode="singleTask"
40-->src/main/AndroidManifest.xml:5:148-179
41            android:resizeableActivity="false"
41-->src/main/AndroidManifest.xml:7:9-43
42            android:screenOrientation="portrait"
42-->src/main/AndroidManifest.xml:5:111-147
43            android:theme="@style/UnityThemeSelector" >
43-->src/main/AndroidManifest.xml:5:69-110
44            <meta-data
44-->src/main/AndroidManifest.xml:9:7-82
45                android:name="unityplayer.UnityActivity"
45-->src/main/AndroidManifest.xml:9:18-58
46                android:value="true" />
46-->src/main/AndroidManifest.xml:9:59-79
47            <meta-data
47-->src/main/AndroidManifest.xml:10:7-78
48                android:name="android.notch_support"
48-->src/main/AndroidManifest.xml:10:18-54
49                android:value="true" />
49-->src/main/AndroidManifest.xml:10:55-75
50        </activity>
51
52        <meta-data
52-->src/main/AndroidManifest.xml:12:5-73
53            android:name="unity.tango-enable"
53-->src/main/AndroidManifest.xml:12:16-49
54            android:value="True" />
54-->src/main/AndroidManifest.xml:12:50-70
55        <meta-data
55-->src/main/AndroidManifest.xml:13:5-88
56            android:name="unityplayer.SkipPermissionsDialog"
56-->src/main/AndroidManifest.xml:13:16-64
57            android:value="true" />
57-->src/main/AndroidManifest.xml:13:65-85
58        <meta-data
58-->src/main/AndroidManifest.xml:14:5-69
59            android:name="unity.splash-mode"
59-->src/main/AndroidManifest.xml:14:16-48
60            android:value="0" />
60-->src/main/AndroidManifest.xml:14:49-66
61        <meta-data
61-->src/main/AndroidManifest.xml:15:5-74
62            android:name="unity.splash-enable"
62-->src/main/AndroidManifest.xml:15:16-50
63            android:value="True" />
63-->src/main/AndroidManifest.xml:15:51-71
64        <meta-data
64-->src/main/AndroidManifest.xml:16:5-78
65            android:name="unity.launch-fullscreen"
65-->src/main/AndroidManifest.xml:16:16-54
66            android:value="True" />
66-->src/main/AndroidManifest.xml:16:55-75
67        <meta-data
67-->src/main/AndroidManifest.xml:17:5-84
68            android:name="unity.allow-resizable-window"
68-->src/main/AndroidManifest.xml:17:16-59
69            android:value="False" />
69-->src/main/AndroidManifest.xml:17:60-81
70        <meta-data
70-->src/main/AndroidManifest.xml:18:5-81
71            android:name="notch.config"
71-->src/main/AndroidManifest.xml:18:16-43
72            android:value="portrait|landscape" />
72-->src/main/AndroidManifest.xml:18:44-78
73        <meta-data
73-->src/main/AndroidManifest.xml:19:5-101
74            android:name="unity.build-id"
74-->src/main/AndroidManifest.xml:19:16-45
75            android:value="7824be9e-eb0f-4d90-9ebf-3fa78e5a5f50" />
75-->src/main/AndroidManifest.xml:19:46-98
76        <!--
77         "AR Required" app, requires "Google Play Services for AR" (ARCore)
78         to be installed, as app does not include any non-AR features.
79        -->
80        <meta-data
80-->src/main/AndroidManifest.xml:22:5-77
81            android:name="com.google.ar.core"
81-->src/main/AndroidManifest.xml:22:16-49
82            android:value="required" />
82-->src/main/AndroidManifest.xml:22:50-74
83    </application>
84
85</manifest>